{"D:\\document\\desktop\\随身的笔记本\\myegg\\myegg\\app\\router.js": {"path":"D:\\document\\desktop\\随身的笔记本\\myegg\\myegg\\app\\router.js","statementMap":{"0":{"start":{"line":6,"column":0},"end":{"line":12,"column":2}},"1":{"start":{"line":7,"column":33},"end":{"line":7,"column":36}},"2":{"start":{"line":8,"column":2},"end":{"line":8,"column":41}},"3":{"start":{"line":9,"column":2},"end":{"line":9,"column":44}},"4":{"start":{"line":10,"column":2},"end":{"line":10,"column":51}},"5":{"start":{"line":11,"column":2},"end":{"line":11,"column":53}}},"fnMap":{"0":{"name":"(anonymous_0)","decl":{"start":{"line":6,"column":17},"end":{"line":6,"column":18}},"loc":{"start":{"line":6,"column":24},"end":{"line":12,"column":1}},"line":6}},"branchMap":{},"s":{"0":1,"1":1,"2":1,"3":1,"4":1,"5":1},"f":{"0":1},"b":{},"_coverageSchema":"43e27e138ebf9cfc5966b082cf9a028302ed4184","hash":"21d569fa2a45a2fcaaf0880b3195b28e8ca61cb2","contentHash":"c9a7bc68cb6e0d955ff04aba98e4cd99a16ae429fac26239a9f06bda828b0854"}
,"D:\\document\\desktop\\随身的笔记本\\myegg\\myegg\\app\\controller\\getNews.js": {"path":"D:\\document\\desktop\\随身的笔记本\\myegg\\myegg\\app\\controller\\getNews.js","statementMap":{"0":{"start":{"line":3,"column":19},"end":{"line":3,"column":44}},"1":{"start":{"line":7,"column":16},"end":{"line":7,"column":24}},"2":{"start":{"line":9,"column":21},"end":{"line":9,"column":58}},"3":{"start":{"line":10,"column":4},"end":{"line":10,"column":24}},"4":{"start":{"line":14,"column":0},"end":{"line":14,"column":25}}},"fnMap":{"0":{"name":"(anonymous_0)","decl":{"start":{"line":6,"column":2},"end":{"line":6,"column":3}},"loc":{"start":{"line":6,"column":16},"end":{"line":11,"column":3}},"line":6}},"branchMap":{},"s":{"0":1,"1":0,"2":0,"3":0,"4":1},"f":{"0":0},"b":{},"_coverageSchema":"43e27e138ebf9cfc5966b082cf9a028302ed4184","hash":"062ac42f532555b548fc0a22527ab6c03f8c0504","contentHash":"d35aa7fe566b3b4b35b34b64a0c29de0643631c1abe88973b0e245b6846303a9"}
,"D:\\document\\desktop\\随身的笔记本\\myegg\\myegg\\app\\controller\\getWeibo.js": {"path":"D:\\document\\desktop\\随身的笔记本\\myegg\\myegg\\app\\controller\\getWeibo.js","statementMap":{"0":{"start":{"line":3,"column":19},"end":{"line":3,"column":44}},"1":{"start":{"line":7,"column":16},"end":{"line":7,"column":24}},"2":{"start":{"line":8,"column":21},"end":{"line":8,"column":59}},"3":{"start":{"line":9,"column":4},"end":{"line":9,"column":24}},"4":{"start":{"line":13,"column":0},"end":{"line":13,"column":26}}},"fnMap":{"0":{"name":"(anonymous_0)","decl":{"start":{"line":6,"column":2},"end":{"line":6,"column":3}},"loc":{"start":{"line":6,"column":16},"end":{"line":10,"column":3}},"line":6}},"branchMap":{},"s":{"0":1,"1":0,"2":0,"3":0,"4":1},"f":{"0":0},"b":{},"_coverageSchema":"43e27e138ebf9cfc5966b082cf9a028302ed4184","hash":"ebd0dbf7f421e2f86e4d069e8c2c5917f80a4685","contentHash":"7e364c203f683a7ec7533469417c40659ef893b68f7c141d82d7c02304564a52"}
,"D:\\document\\desktop\\随身的笔记本\\myegg\\myegg\\app\\controller\\home.js": {"path":"D:\\document\\desktop\\随身的笔记本\\myegg\\myegg\\app\\controller\\home.js","statementMap":{"0":{"start":{"line":3,"column":19},"end":{"line":3,"column":44}},"1":{"start":{"line":7,"column":20},"end":{"line":7,"column":24}},"2":{"start":{"line":8,"column":4},"end":{"line":8,"column":25}},"3":{"start":{"line":12,"column":0},"end":{"line":12,"column":32}}},"fnMap":{"0":{"name":"(anonymous_0)","decl":{"start":{"line":6,"column":2},"end":{"line":6,"column":3}},"loc":{"start":{"line":6,"column":16},"end":{"line":9,"column":3}},"line":6}},"branchMap":{},"s":{"0":1,"1":1,"2":1,"3":1},"f":{"0":1},"b":{},"_coverageSchema":"43e27e138ebf9cfc5966b082cf9a028302ed4184","hash":"d867a04657e7ea56b9350c4a9cfc37a29bea3e5d","contentHash":"ccc0e20b39be370111de8d9c05ae3fdf04c978a7bfcb1a32c4316aebe8ef268f"}
,"D:\\document\\desktop\\随身的笔记本\\myegg\\myegg\\app\\controller\\news.js": {"path":"D:\\document\\desktop\\随身的笔记本\\myegg\\myegg\\app\\controller\\news.js","statementMap":{"0":{"start":{"line":3,"column":19},"end":{"line":3,"column":44}},"1":{"start":{"line":7,"column":16},"end":{"line":7,"column":24}},"2":{"start":{"line":8,"column":17},"end":{"line":8,"column":36}},"3":{"start":{"line":9,"column":21},"end":{"line":9,"column":54}},"4":{"start":{"line":10,"column":4},"end":{"line":10,"column":58}},"5":{"start":{"line":14,"column":0},"end":{"line":14,"column":32}}},"fnMap":{"0":{"name":"(anonymous_0)","decl":{"start":{"line":6,"column":2},"end":{"line":6,"column":3}},"loc":{"start":{"line":6,"column":15},"end":{"line":11,"column":3}},"line":6}},"branchMap":{"0":{"loc":{"start":{"line":8,"column":17},"end":{"line":8,"column":36}},"type":"binary-expr","locations":[{"start":{"line":8,"column":17},"end":{"line":8,"column":31}},{"start":{"line":8,"column":35},"end":{"line":8,"column":36}}],"line":8}},"s":{"0":1,"1":0,"2":0,"3":0,"4":0,"5":1},"f":{"0":0},"b":{"0":[0,0]},"_coverageSchema":"43e27e138ebf9cfc5966b082cf9a028302ed4184","hash":"15ab6a9c5a8df69bfa2899f209df76608a52e815","contentHash":"795d9cd4d853d6e0bf96d143460c8d2698304120c2894204b8b8010a87b1c33e"}
,"D:\\document\\desktop\\随身的笔记本\\myegg\\myegg\\app\\service\\getNews.js": {"path":"D:\\document\\desktop\\随身的笔记本\\myegg\\myegg\\app\\service\\getNews.js","statementMap":{"0":{"start":{"line":1,"column":16},"end":{"line":1,"column":38}},"1":{"start":{"line":2,"column":16},"end":{"line":2,"column":34}},"2":{"start":{"line":7,"column":22},"end":{"line":7,"column":97}},"3":{"start":{"line":8,"column":24},"end":{"line":8,"column":38}},"4":{"start":{"line":9,"column":21},"end":{"line":9,"column":71}},"5":{"start":{"line":11,"column":8},"end":{"line":14,"column":9}},"6":{"start":{"line":13,"column":12},"end":{"line":13,"column":22}},"7":{"start":{"line":15,"column":21},"end":{"line":15,"column":37}},"8":{"start":{"line":16,"column":8},"end":{"line":20,"column":9}},"9":{"start":{"line":17,"column":12},"end":{"line":17,"column":30}},"10":{"start":{"line":19,"column":12},"end":{"line":19,"column":21}},"11":{"start":{"line":23,"column":123},"end":{"line":23,"column":127}},"12":{"start":{"line":24,"column":18},"end":{"line":24,"column":64}},"13":{"start":{"line":25,"column":19},"end":{"line":25,"column":27}},"14":{"start":{"line":26,"column":16},"end":{"line":29,"column":10}},"15":{"start":{"line":30,"column":20},"end":{"line":30,"column":75}},"16":{"start":{"line":31,"column":22},"end":{"line":31,"column":42}},"17":{"start":{"line":32,"column":8},"end":{"line":32,"column":20}},"18":{"start":{"line":35,"column":18},"end":{"line":35,"column":64}},"19":{"start":{"line":36,"column":19},"end":{"line":36,"column":27}},"20":{"start":{"line":37,"column":8},"end":{"line":37,"column":20}},"21":{"start":{"line":43,"column":8},"end":{"line":43,"column":41}},"22":{"start":{"line":47,"column":0},"end":{"line":47,"column":25}}},"fnMap":{"0":{"name":"(anonymous_0)","decl":{"start":{"line":5,"column":4},"end":{"line":5,"column":5}},"loc":{"start":{"line":5,"column":37},"end":{"line":21,"column":5}},"line":5},"1":{"name":"(anonymous_1)","decl":{"start":{"line":22,"column":4},"end":{"line":22,"column":5}},"loc":{"start":{"line":22,"column":29},"end":{"line":33,"column":5}},"line":22},"2":{"name":"(anonymous_2)","decl":{"start":{"line":34,"column":4},"end":{"line":34,"column":5}},"loc":{"start":{"line":34,"column":27},"end":{"line":38,"column":5}},"line":34},"3":{"name":"(anonymous_3)","decl":{"start":{"line":39,"column":4},"end":{"line":39,"column":5}},"loc":{"start":{"line":39,"column":33},"end":{"line":41,"column":5}},"line":39},"4":{"name":"(anonymous_4)","decl":{"start":{"line":42,"column":4},"end":{"line":42,"column":5}},"loc":{"start":{"line":42,"column":17},"end":{"line":44,"column":5}},"line":42}},"branchMap":{"0":{"loc":{"start":{"line":5,"column":23},"end":{"line":5,"column":35}},"type":"default-arg","locations":[{"start":{"line":5,"column":30},"end":{"line":5,"column":35}}],"line":5},"1":{"loc":{"start":{"line":11,"column":8},"end":{"line":14,"column":9}},"type":"if","locations":[{"start":{"line":11,"column":8},"end":{"line":14,"column":9}},{"start":{"line":11,"column":8},"end":{"line":14,"column":9}}],"line":11},"2":{"loc":{"start":{"line":16,"column":8},"end":{"line":20,"column":9}},"type":"if","locations":[{"start":{"line":16,"column":8},"end":{"line":20,"column":9}},{"start":{"line":16,"column":8},"end":{"line":20,"column":9}}],"line":16},"3":{"loc":{"start":{"line":30,"column":20},"end":{"line":30,"column":75}},"type":"binary-expr","locations":[{"start":{"line":30,"column":20},"end":{"line":30,"column":41}},{"start":{"line":30,"column":45},"end":{"line":30,"column":65}},{"start":{"line":30,"column":69},"end":{"line":30,"column":75}}],"line":30}},"s":{"0":1,"1":1,"2":0,"3":0,"4":0,"5":0,"6":0,"7":0,"8":0,"9":0,"10":0,"11":0,"12":0,"13":0,"14":0,"15":0,"16":0,"17":0,"18":0,"19":0,"20":0,"21":0,"22":1},"f":{"0":0,"1":0,"2":0,"3":0,"4":0},"b":{"0":[0],"1":[0,0],"2":[0,0],"3":[0,0,0]},"_coverageSchema":"43e27e138ebf9cfc5966b082cf9a028302ed4184","hash":"e5efa0e0e0c12a89335a99b998628dd0947f7376","contentHash":"5396cdf422904acd9a56c582c713a5f6f9fd1423efce87eb8d57567ded916563"}
,"D:\\document\\desktop\\随身的笔记本\\myegg\\myegg\\app\\service\\getWeibo.js": {"path":"D:\\document\\desktop\\随身的笔记本\\myegg\\myegg\\app\\service\\getWeibo.js","statementMap":{"0":{"start":{"line":1,"column":16},"end":{"line":1,"column":38}},"1":{"start":{"line":2,"column":16},"end":{"line":2,"column":34}},"2":{"start":{"line":6,"column":20},"end":{"line":6,"column":53}},"3":{"start":{"line":7,"column":18},"end":{"line":7,"column":64}},"4":{"start":{"line":8,"column":19},"end":{"line":8,"column":27}},"5":{"start":{"line":9,"column":16},"end":{"line":12,"column":10}},"6":{"start":{"line":13,"column":19},"end":{"line":13,"column":52}},"7":{"start":{"line":14,"column":16},"end":{"line":14,"column":27}},"8":{"start":{"line":15,"column":22},"end":{"line":15,"column":24}},"9":{"start":{"line":16,"column":8},"end":{"line":31,"column":9}},"10":{"start":{"line":16,"column":21},"end":{"line":16,"column":22}},"11":{"start":{"line":17,"column":23},"end":{"line":17,"column":80}},"12":{"start":{"line":18,"column":24},"end":{"line":18,"column":58}},"13":{"start":{"line":19,"column":28},"end":{"line":19,"column":62}},"14":{"start":{"line":20,"column":22},"end":{"line":20,"column":67}},"15":{"start":{"line":21,"column":22},"end":{"line":21,"column":54}},"16":{"start":{"line":22,"column":12},"end":{"line":30,"column":14}},"17":{"start":{"line":33,"column":8},"end":{"line":35,"column":11}},"18":{"start":{"line":34,"column":12},"end":{"line":34,"column":31}},"19":{"start":{"line":36,"column":8},"end":{"line":36,"column":23}},"20":{"start":{"line":39,"column":23},"end":{"line":39,"column":65}},"21":{"start":{"line":45,"column":8},"end":{"line":45,"column":35}},"22":{"start":{"line":49,"column":0},"end":{"line":49,"column":26}}},"fnMap":{"0":{"name":"(anonymous_0)","decl":{"start":{"line":5,"column":4},"end":{"line":5,"column":5}},"loc":{"start":{"line":5,"column":19},"end":{"line":37,"column":5}},"line":5},"1":{"name":"(anonymous_1)","decl":{"start":{"line":33,"column":24},"end":{"line":33,"column":25}},"loc":{"start":{"line":33,"column":29},"end":{"line":35,"column":9}},"line":33},"2":{"name":"(anonymous_2)","decl":{"start":{"line":38,"column":4},"end":{"line":38,"column":5}},"loc":{"start":{"line":38,"column":27},"end":{"line":40,"column":5}},"line":38},"3":{"name":"(anonymous_3)","decl":{"start":{"line":41,"column":4},"end":{"line":41,"column":5}},"loc":{"start":{"line":41,"column":23},"end":{"line":43,"column":5}},"line":41},"4":{"name":"(anonymous_4)","decl":{"start":{"line":44,"column":4},"end":{"line":44,"column":5}},"loc":{"start":{"line":44,"column":17},"end":{"line":46,"column":5}},"line":44}},"branchMap":{"0":{"loc":{"start":{"line":17,"column":23},"end":{"line":17,"column":80}},"type":"binary-expr","locations":[{"start":{"line":17,"column":23},"end":{"line":17,"column":71}},{"start":{"line":17,"column":75},"end":{"line":17,"column":80}}],"line":17},"1":{"loc":{"start":{"line":28,"column":21},"end":{"line":28,"column":32}},"type":"binary-expr","locations":[{"start":{"line":28,"column":21},"end":{"line":28,"column":24}},{"start":{"line":28,"column":28},"end":{"line":28,"column":32}}],"line":28}},"s":{"0":1,"1":1,"2":0,"3":0,"4":0,"5":0,"6":0,"7":0,"8":0,"9":0,"10":0,"11":0,"12":0,"13":0,"14":0,"15":0,"16":0,"17":0,"18":0,"19":0,"20":0,"21":0,"22":1},"f":{"0":0,"1":0,"2":0,"3":0,"4":0},"b":{"0":[0,0],"1":[0,0]},"_coverageSchema":"43e27e138ebf9cfc5966b082cf9a028302ed4184","hash":"f2e43ac2d4ba13f12d44e5af73bf835b642849ee","contentHash":"f7b46b854388888a6e96de0e17db5f0bb4deeae18ce1c86114b4d4bdc91b0753"}
,"D:\\document\\desktop\\随身的笔记本\\myegg\\myegg\\app\\service\\news.js": {"path":"D:\\document\\desktop\\随身的笔记本\\myegg\\myegg\\app\\service\\news.js","statementMap":{"0":{"start":{"line":2,"column":16},"end":{"line":2,"column":38}},"1":{"start":{"line":7,"column":36},"end":{"line":7,"column":52}},"2":{"start":{"line":10,"column":29},"end":{"line":17,"column":6}},"3":{"start":{"line":20,"column":21},"end":{"line":25,"column":5}},"4":{"start":{"line":22,"column":20},"end":{"line":22,"column":59}},"5":{"start":{"line":23,"column":8},"end":{"line":23,"column":56}},"6":{"start":{"line":26,"column":4},"end":{"line":26,"column":41}},"7":{"start":{"line":26,"column":31},"end":{"line":26,"column":39}},"8":{"start":{"line":29,"column":17},"end":{"line":29,"column":96}},"9":{"start":{"line":30,"column":4},"end":{"line":30,"column":22}},"10":{"start":{"line":31,"column":4},"end":{"line":36,"column":7}},"11":{"start":{"line":32,"column":6},"end":{"line":35,"column":8}},"12":{"start":{"line":40,"column":0},"end":{"line":40,"column":29}}},"fnMap":{"0":{"name":"(anonymous_0)","decl":{"start":{"line":5,"column":2},"end":{"line":5,"column":3}},"loc":{"start":{"line":5,"column":24},"end":{"line":27,"column":3}},"line":5},"1":{"name":"(anonymous_1)","decl":{"start":{"line":21,"column":30},"end":{"line":21,"column":31}},"loc":{"start":{"line":21,"column":37},"end":{"line":24,"column":7}},"line":21},"2":{"name":"(anonymous_2)","decl":{"start":{"line":26,"column":24},"end":{"line":26,"column":25}},"loc":{"start":{"line":26,"column":31},"end":{"line":26,"column":39}},"line":26},"3":{"name":"(anonymous_3)","decl":{"start":{"line":28,"column":2},"end":{"line":28,"column":3}},"loc":{"start":{"line":28,"column":15},"end":{"line":37,"column":3}},"line":28},"4":{"name":"(anonymous_4)","decl":{"start":{"line":31,"column":25},"end":{"line":31,"column":26}},"loc":{"start":{"line":31,"column":32},"end":{"line":36,"column":5}},"line":31}},"branchMap":{"0":{"loc":{"start":{"line":5,"column":14},"end":{"line":5,"column":22}},"type":"default-arg","locations":[{"start":{"line":5,"column":21},"end":{"line":5,"column":22}}],"line":5}},"s":{"0":1,"1":0,"2":0,"3":0,"4":0,"5":0,"6":0,"7":0,"8":0,"9":0,"10":0,"11":0,"12":1},"f":{"0":0,"1":0,"2":0,"3":0,"4":0},"b":{"0":[0]},"_coverageSchema":"43e27e138ebf9cfc5966b082cf9a028302ed4184","hash":"198df0270d960522d911aa592d4d9d407201f107","contentHash":"01c00e2032453c936373ff31ccea752563a4e35bfa8962db7bc60d32069a36b8"}
,"D:\\document\\desktop\\随身的笔记本\\myegg\\myegg\\config\\config.default.js": {"path":"D:\\document\\desktop\\随身的笔记本\\myegg\\myegg\\config\\config.default.js","statementMap":{"0":{"start":{"line":8,"column":0},"end":{"line":41,"column":2}},"1":{"start":{"line":13,"column":17},"end":{"line":13,"column":29}},"2":{"start":{"line":16,"column":2},"end":{"line":16,"column":53}},"3":{"start":{"line":19,"column":2},"end":{"line":19,"column":25}},"4":{"start":{"line":22,"column":21},"end":{"line":24,"column":3}},"5":{"start":{"line":25,"column":2},"end":{"line":30,"column":4}},"6":{"start":{"line":31,"column":2},"end":{"line":34,"column":4}},"7":{"start":{"line":37,"column":2},"end":{"line":40,"column":4}}},"fnMap":{"0":{"name":"(anonymous_0)","decl":{"start":{"line":8,"column":17},"end":{"line":8,"column":18}},"loc":{"start":{"line":8,"column":28},"end":{"line":41,"column":1}},"line":8}},"branchMap":{},"s":{"0":1,"1":4,"2":4,"3":4,"4":4,"5":4,"6":4,"7":4},"f":{"0":4},"b":{},"_coverageSchema":"43e27e138ebf9cfc5966b082cf9a028302ed4184","hash":"51aea4835d1e8402bc0dba88f9926a5afff55a73","contentHash":"c5c8e4d051b3fd2ca15fb40ee8feea923dc084fd46171132fae678aa537c4f16"}
,"D:\\document\\desktop\\随身的笔记本\\myegg\\myegg\\config\\plugin.js": {"path":"D:\\document\\desktop\\随身的笔记本\\myegg\\myegg\\config\\plugin.js","statementMap":{"0":{"start":{"line":4,"column":0},"end":{"line":21,"column":2}}},"fnMap":{},"branchMap":{},"s":{"0":1},"f":{},"b":{},"_coverageSchema":"43e27e138ebf9cfc5966b082cf9a028302ed4184","hash":"02d3e436e1641c0c1aaefe701dba32c982edb5c6","contentHash":"da4f8e6449b939515a934b498546a4d10fe2ccc9cdfac74f5f08beee47b4aa7f"}
}
