{"total": {"lines":{"total":92,"covered":33,"skipped":0,"pct":35.87},"statements":{"total":94,"covered":33,"skipped":0,"pct":35.11},"functions":{"total":21,"covered":3,"skipped":0,"pct":14.29},"branches":{"total":15,"covered":0,"skipped":0,"pct":0}}
,"D:\\document\\desktop\\随身的笔记本\\myegg\\myegg\\app\\router.js": {"lines":{"total":6,"covered":6,"skipped":0,"pct":100},"functions":{"total":1,"covered":1,"skipped":0,"pct":100},"statements":{"total":6,"covered":6,"skipped":0,"pct":100},"branches":{"total":0,"covered":0,"skipped":0,"pct":100}}
,"D:\\document\\desktop\\随身的笔记本\\myegg\\myegg\\app\\controller\\getNews.js": {"lines":{"total":5,"covered":2,"skipped":0,"pct":40},"functions":{"total":1,"covered":0,"skipped":0,"pct":0},"statements":{"total":5,"covered":2,"skipped":0,"pct":40},"branches":{"total":0,"covered":0,"skipped":0,"pct":100}}
,"D:\\document\\desktop\\随身的笔记本\\myegg\\myegg\\app\\controller\\getWeibo.js": {"lines":{"total":5,"covered":2,"skipped":0,"pct":40},"functions":{"total":1,"covered":0,"skipped":0,"pct":0},"statements":{"total":5,"covered":2,"skipped":0,"pct":40},"branches":{"total":0,"covered":0,"skipped":0,"pct":100}}
,"D:\\document\\desktop\\随身的笔记本\\myegg\\myegg\\app\\controller\\home.js": {"lines":{"total":4,"covered":4,"skipped":0,"pct":100},"functions":{"total":1,"covered":1,"skipped":0,"pct":100},"statements":{"total":4,"covered":4,"skipped":0,"pct":100},"branches":{"total":0,"covered":0,"skipped":0,"pct":100}}
,"D:\\document\\desktop\\随身的笔记本\\myegg\\myegg\\app\\controller\\news.js": {"lines":{"total":6,"covered":2,"skipped":0,"pct":33.33},"functions":{"total":1,"covered":0,"skipped":0,"pct":0},"statements":{"total":6,"covered":2,"skipped":0,"pct":33.33},"branches":{"total":2,"covered":0,"skipped":0,"pct":0}}
,"D:\\document\\desktop\\随身的笔记本\\myegg\\myegg\\app\\service\\getNews.js": {"lines":{"total":23,"covered":3,"skipped":0,"pct":13.04},"functions":{"total":5,"covered":0,"skipped":0,"pct":0},"statements":{"total":23,"covered":3,"skipped":0,"pct":13.04},"branches":{"total":8,"covered":0,"skipped":0,"pct":0}}
,"D:\\document\\desktop\\随身的笔记本\\myegg\\myegg\\app\\service\\getWeibo.js": {"lines":{"total":22,"covered":3,"skipped":0,"pct":13.64},"functions":{"total":5,"covered":0,"skipped":0,"pct":0},"statements":{"total":23,"covered":3,"skipped":0,"pct":13.04},"branches":{"total":4,"covered":0,"skipped":0,"pct":0}}
,"D:\\document\\desktop\\随身的笔记本\\myegg\\myegg\\app\\service\\news.js": {"lines":{"total":12,"covered":2,"skipped":0,"pct":16.67},"functions":{"total":5,"covered":0,"skipped":0,"pct":0},"statements":{"total":13,"covered":2,"skipped":0,"pct":15.38},"branches":{"total":1,"covered":0,"skipped":0,"pct":0}}
,"D:\\document\\desktop\\随身的笔记本\\myegg\\myegg\\config\\config.default.js": {"lines":{"total":8,"covered":8,"skipped":0,"pct":100},"functions":{"total":1,"covered":1,"skipped":0,"pct":100},"statements":{"total":8,"covered":8,"skipped":0,"pct":100},"branches":{"total":0,"covered":0,"skipped":0,"pct":100}}
,"D:\\document\\desktop\\随身的笔记本\\myegg\\myegg\\config\\plugin.js": {"lines":{"total":1,"covered":1,"skipped":0,"pct":100},"functions":{"total":0,"covered":0,"skipped":0,"pct":100},"statements":{"total":1,"covered":1,"skipped":0,"pct":100},"branches":{"total":0,"covered":0,"skipped":0,"pct":100}}
}
