TN:
SF:D:\document\desktop\随身的笔记本\myegg\myegg\app\router.js
FN:6,(anonymous_0)
FNF:1
FNH:1
FNDA:1,(anonymous_0)
DA:6,1
DA:7,1
DA:8,1
DA:9,1
DA:10,1
DA:11,1
LF:6
LH:6
BRF:0
BRH:0
end_of_record
TN:
SF:D:\document\desktop\随身的笔记本\myegg\myegg\app\controller\getNews.js
FN:6,(anonymous_0)
FNF:1
FNH:0
FNDA:0,(anonymous_0)
DA:3,1
DA:7,0
DA:9,0
DA:10,0
DA:14,1
LF:5
LH:2
BRF:0
BRH:0
end_of_record
TN:
SF:D:\document\desktop\随身的笔记本\myegg\myegg\app\controller\getWeibo.js
FN:6,(anonymous_0)
FNF:1
FNH:0
FNDA:0,(anonymous_0)
DA:3,1
DA:7,0
DA:8,0
DA:9,0
DA:13,1
LF:5
LH:2
BRF:0
BRH:0
end_of_record
TN:
SF:D:\document\desktop\随身的笔记本\myegg\myegg\app\controller\home.js
FN:6,(anonymous_0)
FNF:1
FNH:1
FNDA:1,(anonymous_0)
DA:3,1
DA:7,1
DA:8,1
DA:12,1
LF:4
LH:4
BRF:0
BRH:0
end_of_record
TN:
SF:D:\document\desktop\随身的笔记本\myegg\myegg\app\controller\news.js
FN:6,(anonymous_0)
FNF:1
FNH:0
FNDA:0,(anonymous_0)
DA:3,1
DA:7,0
DA:8,0
DA:9,0
DA:10,0
DA:14,1
LF:6
LH:2
BRDA:8,0,0,0
BRDA:8,0,1,0
BRF:2
BRH:0
end_of_record
TN:
SF:D:\document\desktop\随身的笔记本\myegg\myegg\app\service\getNews.js
FN:5,(anonymous_0)
FN:22,(anonymous_1)
FN:34,(anonymous_2)
FN:39,(anonymous_3)
FN:42,(anonymous_4)
FNF:5
FNH:0
FNDA:0,(anonymous_0)
FNDA:0,(anonymous_1)
FNDA:0,(anonymous_2)
FNDA:0,(anonymous_3)
FNDA:0,(anonymous_4)
DA:1,1
DA:2,1
DA:7,0
DA:8,0
DA:9,0
DA:11,0
DA:13,0
DA:15,0
DA:16,0
DA:17,0
DA:19,0
DA:23,0
DA:24,0
DA:25,0
DA:26,0
DA:30,0
DA:31,0
DA:32,0
DA:35,0
DA:36,0
DA:37,0
DA:43,0
DA:47,1
LF:23
LH:3
BRDA:5,0,0,0
BRDA:11,1,0,0
BRDA:11,1,1,0
BRDA:16,2,0,0
BRDA:16,2,1,0
BRDA:30,3,0,0
BRDA:30,3,1,0
BRDA:30,3,2,0
BRF:8
BRH:0
end_of_record
TN:
SF:D:\document\desktop\随身的笔记本\myegg\myegg\app\service\getWeibo.js
FN:5,(anonymous_0)
FN:33,(anonymous_1)
FN:38,(anonymous_2)
FN:41,(anonymous_3)
FN:44,(anonymous_4)
FNF:5
FNH:0
FNDA:0,(anonymous_0)
FNDA:0,(anonymous_1)
FNDA:0,(anonymous_2)
FNDA:0,(anonymous_3)
FNDA:0,(anonymous_4)
DA:1,1
DA:2,1
DA:6,0
DA:7,0
DA:8,0
DA:9,0
DA:13,0
DA:14,0
DA:15,0
DA:16,0
DA:17,0
DA:18,0
DA:19,0
DA:20,0
DA:21,0
DA:22,0
DA:33,0
DA:34,0
DA:36,0
DA:39,0
DA:45,0
DA:49,1
LF:22
LH:3
BRDA:17,0,0,0
BRDA:17,0,1,0
BRDA:28,1,0,0
BRDA:28,1,1,0
BRF:4
BRH:0
end_of_record
TN:
SF:D:\document\desktop\随身的笔记本\myegg\myegg\app\service\news.js
FN:5,(anonymous_0)
FN:21,(anonymous_1)
FN:26,(anonymous_2)
FN:28,(anonymous_3)
FN:31,(anonymous_4)
FNF:5
FNH:0
FNDA:0,(anonymous_0)
FNDA:0,(anonymous_1)
FNDA:0,(anonymous_2)
FNDA:0,(anonymous_3)
FNDA:0,(anonymous_4)
DA:2,1
DA:7,0
DA:10,0
DA:20,0
DA:22,0
DA:23,0
DA:26,0
DA:29,0
DA:30,0
DA:31,0
DA:32,0
DA:40,1
LF:12
LH:2
BRDA:5,0,0,0
BRF:1
BRH:0
end_of_record
TN:
SF:D:\document\desktop\随身的笔记本\myegg\myegg\config\config.default.js
FN:8,(anonymous_0)
FNF:1
FNH:1
FNDA:4,(anonymous_0)
DA:8,1
DA:13,4
DA:16,4
DA:19,4
DA:22,4
DA:25,4
DA:31,4
DA:37,4
LF:8
LH:8
BRF:0
BRH:0
end_of_record
TN:
SF:D:\document\desktop\随身的笔记本\myegg\myegg\config\plugin.js
FNF:0
FNH:0
DA:4,1
LF:1
LH:1
BRF:0
BRH:0
end_of_record
